<?xml version="1.0" encoding="UTF-8"?>
<testsuite xmlns:xsi="http://www.w3.org/2001/XMLSchema-instance" xsi:schemaLocation="https://maven.apache.org/surefire/maven-surefire-plugin/xsd/surefire-test-report.xsd" name="tn.esprit.spring.services.EntrepriseServiceImplTest" time="0.707" tests="3" errors="0" skipped="0" failures="0">
  <properties>
[...]
</properties>
  <testcase name="testAjouterDepartement" classname="tn.esprit.spring.services.EntrepriseServiceImplTest" time="0.016"/>
  <testcase name="testGetEntrepriseById" classname="tn.esprit.spring.services.EntrepriseServiceImplTest" time="0.005"/>
  <testcase name="testAjouterEntreprise" classname="tn.esprit.spring.services.EntrepriseServiceImplTest" time="0.005"/>
</testsuite>